This is pdfTeX, Version 3.141592653-2.6-1.40.26 (TeX Live 2025/dev/Debian) (preloaded format=pdflatex)
 restricted \write18 enabled.
entering extended mode
(./facturas/factura_Juan_Enrique_Flórez_Valencia.tex
LaTeX2e <2024-11-01> patch level 2
L3 programming layer <2025-01-18>
(/usr/share/texlive/texmf-dist/tex/latex/base/article.cls
Document Class: article 2024/06/29 v1.4n Standard LaTeX document class
(/usr/share/texlive/texmf-dist/tex/latex/base/size10.clo))
(/usr/share/texlive/texmf-dist/tex/latex/base/inputenc.sty)
(/usr/share/texlive/texmf-dist/tex/latex/geometry/geometry.sty
(/usr/share/texlive/texmf-dist/tex/latex/graphics/keyval.sty)
(/usr/share/texlive/texmf-dist/tex/generic/iftex/ifvtex.sty
(/usr/share/texlive/texmf-dist/tex/generic/iftex/iftex.sty)))
(/usr/share/texlive/texmf-dist/tex/latex/l3backend/l3backend-pdftex.def)
No file factura_Juan_Enrique_Flórez_Valencia.aux.
*geometry* driver: auto-detecting
*geometry* detected driver: pdftex
! You can't use `macro parameter character #' in horizontal mode.
l.14 \textbf{direccion:} Cl. 192V #
                                    48E-70 \\

Underfull \hbox (badness 10000) in paragraph at lines 12--17


Underfull \hbox (badness 10000) in paragraph at lines 20--24


[1{/var/lib/texmf/fonts/map/pdftex/updmap/pdftex.map}]
(facturas/factura_Juan_Enrique_Flórez_Valencia.aux) )
(see the transcript file for additional information) </home/kali/.texlive2025/t
exmf-var/fonts/pk/ljfour/jknappen/ec/tcrm1000.600pk></usr/share/texlive/texmf-d
ist/fonts/type1/public/amsfonts/cm/cmbx10.pfb></usr/share/texlive/texmf-dist/fo
nts/type1/public/amsfonts/cm/cmbx12.pfb></usr/share/texlive/texmf-dist/fonts/ty
pe1/public/amsfonts/cm/cmr10.pfb>
Output written on facturas/factura_Juan_Enrique_Flórez_Valencia.pdf (1 page, 3
8129 bytes).
Transcript written on facturas/factura_Juan_Enrique_Flórez_Valencia.log.
