----- LOG DEL DÍA: Mon Jul 21 07:48:50 PM EDT 2025 -----
Mon Jul 21 07:48:51 PM EDT 2025 ERROR factura facturas/factura_0.pdf
Mon Jul 21 07:48:51 PM EDT 2025 ERROR factura facturas/factura_Torre_1_apartamento_774.pdf
Mon Jul 21 07:48:51 PM EDT 2025 ERROR factura facturas/factura_685479.pdf
Mon Jul 21 07:48:51 PM EDT 2025 ERROR factura facturas/factura_Barichara.pdf
Mon Jul 21 07:48:51 PM EDT 2025 ERROR factura facturas/factura_1.pdf
Mon Jul 21 07:48:52 PM EDT 2025 ERROR factura facturas/factura_052451.pdf
Mon Jul 21 07:48:52 PM EDT 2025 ERROR factura facturas/factura_Buriticá.pdf
Mon Jul 21 07:48:52 PM EDT 2025 ERROR factura facturas/factura_2.pdf
Mon Jul 21 07:48:52 PM EDT 2025 ERROR factura facturas/factura_Apto._3.pdf
Mon Jul 21 07:48:53 PM EDT 2025 ERROR factura facturas/factura_916610.pdf
Mon Jul 21 07:48:53 PM EDT 2025 ERROR factura facturas/factura_Puerto_Santander.pdf
Mon Jul 21 07:48:53 PM EDT 2025 ERROR factura facturas/factura_3.pdf
Mon Jul 21 07:48:53 PM EDT 2025 ERROR factura facturas/factura_Bodega_74.pdf
Mon Jul 21 07:48:54 PM EDT 2025 ERROR factura facturas/factura_190674.pdf
Mon Jul 21 07:48:54 PM EDT 2025 ERROR factura facturas/factura_Sotará_Paispamba.pdf
Mon Jul 21 07:48:54 PM EDT 2025 ERROR factura facturas/factura_4.pdf
Mon Jul 21 07:48:54 PM EDT 2025 ERROR factura facturas/factura_Torre_1_apartamento_69.pdf
Mon Jul 21 07:48:54 PM EDT 2025 ERROR factura facturas/factura_524100.pdf
Mon Jul 21 07:48:55 PM EDT 2025 ERROR factura facturas/factura_San_Lorenzo.pdf
Mon Jul 21 07:48:55 PM EDT 2025 ERROR factura facturas/factura_5.pdf
Mon Jul 21 07:48:55 PM EDT 2025 ERROR factura facturas/factura_153398.pdf
Mon Jul 21 07:48:55 PM EDT 2025 ERROR factura facturas/factura_Monguí.pdf
Mon Jul 21 07:48:56 PM EDT 2025 ERROR factura facturas/factura_6.pdf
Mon Jul 21 07:48:56 PM EDT 2025 ERROR factura facturas/factura_054094.pdf
Mon Jul 21 07:48:56 PM EDT 2025 ERROR factura facturas/factura_Itagüí.pdf
Mon Jul 21 07:48:56 PM EDT 2025 ERROR factura facturas/factura_7.pdf
Mon Jul 21 07:48:57 PM EDT 2025 ERROR factura facturas/factura_052958.pdf
Mon Jul 21 07:48:57 PM EDT 2025 ERROR factura facturas/factura_Betania.pdf
Mon Jul 21 07:48:57 PM EDT 2025 ERROR factura facturas/factura_8.pdf
Mon Jul 21 07:48:57 PM EDT 2025 ERROR factura facturas/factura_Torre_7_apartamento_25.pdf
Mon Jul 21 07:48:57 PM EDT 2025 ERROR factura facturas/factura_689363.pdf
Mon Jul 21 07:48:58 PM EDT 2025 ERROR factura facturas/factura_Barrancabermeja.pdf
Mon Jul 21 07:48:58 PM EDT 2025 ERROR factura facturas/factura_9.pdf
Mon Jul 21 07:48:58 PM EDT 2025 ERROR factura facturas/factura_Casa_6.pdf
Mon Jul 21 07:48:58 PM EDT 2025 ERROR factura facturas/factura_526096.pdf
Mon Jul 21 07:48:59 PM EDT 2025 ERROR factura facturas/factura_Linares.pdf
----- LOG DEL DÍA: Mon Jul 21 07:59:58 PM EDT 2025 -----
Mon Jul 21 07:59:59 PM EDT 2025 ERROR factura facturas/factura_0.pdf
Mon Jul 21 08:00:00 PM EDT 2025 OK factura facturas/factura_Local_84.pdf
Mon Jul 21 08:00:00 PM EDT 2025 OK factura facturas/factura_273603.pdf
Mon Jul 21 08:00:00 PM EDT 2025 OK factura facturas/factura_El_Litoral_del_San_Juan.pdf
Mon Jul 21 08:00:01 PM EDT 2025 ERROR factura facturas/factura_1.pdf
Mon Jul 21 08:00:01 PM EDT 2025 OK factura facturas/factura_680712.pdf
Mon Jul 21 08:00:01 PM EDT 2025 OK factura facturas/factura_Barichara.pdf
Mon Jul 21 08:00:01 PM EDT 2025 ERROR factura facturas/factura_2.pdf
Mon Jul 21 08:00:02 PM EDT 2025 OK factura facturas/factura_Local_5.pdf
Mon Jul 21 08:00:02 PM EDT 2025 OK factura facturas/factura_257064.pdf
Mon Jul 21 08:00:02 PM EDT 2025 OK factura facturas/factura_Funza.pdf
Mon Jul 21 08:00:02 PM EDT 2025 ERROR factura facturas/factura_3.pdf
Mon Jul 21 08:00:03 PM EDT 2025 OK factura facturas/factura_Local_8.pdf
Mon Jul 21 08:00:03 PM EDT 2025 OK factura facturas/factura_238067.pdf
Mon Jul 21 08:00:03 PM EDT 2025 OK factura facturas/factura_San_Andrés_de_Sotavento.pdf
Mon Jul 21 08:00:04 PM EDT 2025 ERROR factura facturas/factura_4.pdf
Mon Jul 21 08:00:04 PM EDT 2025 OK factura facturas/factura_529138.pdf
Mon Jul 21 08:00:04 PM EDT 2025 OK factura facturas/factura_Los_Andes.pdf
Mon Jul 21 08:00:04 PM EDT 2025 ERROR factura facturas/factura_5.pdf
Mon Jul 21 08:00:05 PM EDT 2025 OK factura facturas/factura_Apartamento_926.pdf
Mon Jul 21 08:00:05 PM EDT 2025 OK factura facturas/factura_158721.pdf
Mon Jul 21 08:00:05 PM EDT 2025 OK factura facturas/factura_Tununguá.pdf
Mon Jul 21 08:00:06 PM EDT 2025 ERROR factura facturas/factura_6.pdf
Mon Jul 21 08:00:06 PM EDT 2025 OK factura facturas/factura_132153.pdf
Mon Jul 21 08:00:06 PM EDT 2025 OK factura facturas/factura_Mahates.pdf
Mon Jul 21 08:00:06 PM EDT 2025 ERROR factura facturas/factura_7.pdf
Mon Jul 21 08:00:07 PM EDT 2025 OK factura facturas/factura_Torre_3_apartamento_14.pdf
Mon Jul 21 08:00:07 PM EDT 2025 OK factura facturas/factura_132044.pdf
Mon Jul 21 08:00:07 PM EDT 2025 OK factura facturas/factura_Achí.pdf
Mon Jul 21 08:00:07 PM EDT 2025 ERROR factura facturas/factura_8.pdf
Mon Jul 21 08:00:08 PM EDT 2025 OK factura facturas/factura_701259.pdf
Mon Jul 21 08:00:08 PM EDT 2025 OK factura facturas/factura_San_Benito_Abad.pdf
Mon Jul 21 08:00:08 PM EDT 2025 ERROR factura facturas/factura_9.pdf
Mon Jul 21 08:00:09 PM EDT 2025 OK factura facturas/factura_157319.pdf
Mon Jul 21 08:00:09 PM EDT 2025 OK factura facturas/factura_Pisba.pdf
----- LOG DEL DÍA: Wed Jul 23 07:47:14 PM EDT 2025 -----
Wed Jul 23 07:47:15 PM EDT 2025 OK factura facturas/factura_.pdf
Wed Jul 23 07:47:15 PM EDT 2025 OK factura facturas/factura_.pdf
Wed Jul 23 07:47:15 PM EDT 2025 OK factura facturas/factura_.pdf
Wed Jul 23 07:47:16 PM EDT 2025 OK factura facturas/factura_.pdf
Wed Jul 23 07:47:16 PM EDT 2025 OK factura facturas/factura_.pdf
Wed Jul 23 07:47:16 PM EDT 2025 OK factura facturas/factura_.pdf
Wed Jul 23 07:47:16 PM EDT 2025 OK factura facturas/factura_.pdf
Wed Jul 23 07:47:17 PM EDT 2025 OK factura facturas/factura_.pdf
Wed Jul 23 07:47:17 PM EDT 2025 OK factura facturas/factura_.pdf
Wed Jul 23 07:47:17 PM EDT 2025 OK factura facturas/factura_.pdf
Wed Jul 23 07:47:17 PM EDT 2025 OK factura facturas/factura_.pdf
Wed Jul 23 07:47:18 PM EDT 2025 OK factura facturas/factura_.pdf
Wed Jul 23 07:47:18 PM EDT 2025 OK factura facturas/factura_.pdf
Wed Jul 23 07:47:18 PM EDT 2025 OK factura facturas/factura_.pdf
Wed Jul 23 07:47:18 PM EDT 2025 OK factura facturas/factura_.pdf
Wed Jul 23 07:47:18 PM EDT 2025 OK factura facturas/factura_.pdf
Wed Jul 23 07:47:19 PM EDT 2025 OK factura facturas/factura_.pdf
Wed Jul 23 07:47:19 PM EDT 2025 OK factura facturas/factura_.pdf
Wed Jul 23 07:47:19 PM EDT 2025 OK factura facturas/factura_.pdf
Wed Jul 23 07:47:19 PM EDT 2025 OK factura facturas/factura_.pdf
Wed Jul 23 07:47:20 PM EDT 2025 OK factura facturas/factura_.pdf
Wed Jul 23 07:47:20 PM EDT 2025 OK factura facturas/factura_.pdf
Wed Jul 23 07:47:20 PM EDT 2025 OK factura facturas/factura_.pdf
Wed Jul 23 07:47:20 PM EDT 2025 OK factura facturas/factura_.pdf
Wed Jul 23 07:47:21 PM EDT 2025 OK factura facturas/factura_.pdf
Wed Jul 23 07:47:21 PM EDT 2025 OK factura facturas/factura_.pdf
Wed Jul 23 07:47:21 PM EDT 2025 OK factura facturas/factura_.pdf
Wed Jul 23 07:47:21 PM EDT 2025 OK factura facturas/factura_.pdf
Wed Jul 23 07:47:22 PM EDT 2025 OK factura facturas/factura_.pdf
Wed Jul 23 07:47:22 PM EDT 2025 OK factura facturas/factura_.pdf
Wed Jul 23 07:47:22 PM EDT 2025 OK factura facturas/factura_.pdf
Wed Jul 23 07:47:22 PM EDT 2025 OK factura facturas/factura_.pdf
Wed Jul 23 07:47:23 PM EDT 2025 OK factura facturas/factura_.pdf
----- LOG DEL DÍA: Wed Jul 23 07:51:17 PM EDT 2025 -----
Wed Jul 23 07:51:18 PM EDT 2025 OK factura facturas/factura_.pdf
Wed Jul 23 07:51:18 PM EDT 2025 OK factura facturas/factura_.pdf
Wed Jul 23 07:51:18 PM EDT 2025 OK factura facturas/factura_.pdf
Wed Jul 23 07:51:19 PM EDT 2025 OK factura facturas/factura_.pdf
Wed Jul 23 07:51:19 PM EDT 2025 OK factura facturas/factura_.pdf
Wed Jul 23 07:51:19 PM EDT 2025 OK factura facturas/factura_.pdf
Wed Jul 23 07:51:19 PM EDT 2025 OK factura facturas/factura_.pdf
Wed Jul 23 07:51:19 PM EDT 2025 OK factura facturas/factura_.pdf
Wed Jul 23 07:51:20 PM EDT 2025 OK factura facturas/factura_.pdf
Wed Jul 23 07:51:20 PM EDT 2025 OK factura facturas/factura_.pdf
Wed Jul 23 07:51:20 PM EDT 2025 OK factura facturas/factura_.pdf
Wed Jul 23 07:51:20 PM EDT 2025 OK factura facturas/factura_.pdf
Wed Jul 23 07:51:21 PM EDT 2025 OK factura facturas/factura_.pdf
Wed Jul 23 07:51:21 PM EDT 2025 OK factura facturas/factura_.pdf
Wed Jul 23 07:51:21 PM EDT 2025 OK factura facturas/factura_.pdf
Wed Jul 23 07:51:21 PM EDT 2025 OK factura facturas/factura_.pdf
Wed Jul 23 07:51:22 PM EDT 2025 OK factura facturas/factura_.pdf
Wed Jul 23 07:51:22 PM EDT 2025 OK factura facturas/factura_.pdf
Wed Jul 23 07:51:22 PM EDT 2025 OK factura facturas/factura_.pdf
Wed Jul 23 07:51:23 PM EDT 2025 OK factura facturas/factura_.pdf
Wed Jul 23 07:51:23 PM EDT 2025 OK factura facturas/factura_.pdf
Wed Jul 23 07:51:23 PM EDT 2025 OK factura facturas/factura_.pdf
Wed Jul 23 07:51:23 PM EDT 2025 OK factura facturas/factura_.pdf
Wed Jul 23 07:51:24 PM EDT 2025 OK factura facturas/factura_.pdf
Wed Jul 23 07:51:24 PM EDT 2025 OK factura facturas/factura_.pdf
Wed Jul 23 07:51:24 PM EDT 2025 OK factura facturas/factura_.pdf
Wed Jul 23 07:51:24 PM EDT 2025 OK factura facturas/factura_.pdf
Wed Jul 23 07:51:25 PM EDT 2025 OK factura facturas/factura_.pdf
Wed Jul 23 07:51:25 PM EDT 2025 OK factura facturas/factura_.pdf
Wed Jul 23 07:51:25 PM EDT 2025 OK factura facturas/factura_.pdf
Wed Jul 23 07:51:26 PM EDT 2025 OK factura facturas/factura_.pdf
Wed Jul 23 07:51:26 PM EDT 2025 OK factura facturas/factura_.pdf
Wed Jul 23 07:51:26 PM EDT 2025 OK factura facturas/factura_.pdf
----- LOG DEL DÍA: Wed Jul 23 07:53:03 PM EDT 2025 -----
Wed Jul 23 07:53:04 PM EDT 2025 ERROR factura facturas/factura_Julieth_Velásquez.pdf
Wed Jul 23 07:53:04 PM EDT 2025 OK factura facturas/factura_251968.pdf
Wed Jul 23 07:53:04 PM EDT 2025 OK factura facturas/factura_Choachí.pdf
Wed Jul 23 07:53:04 PM EDT 2025 ERROR factura facturas/factura_María_Lina_Pérez_Páez.pdf
Wed Jul 23 07:53:04 PM EDT 2025 OK factura facturas/factura_664177.pdf
Wed Jul 23 07:53:05 PM EDT 2025 OK factura facturas/factura_Belén_de_Umbría.pdf
Wed Jul 23 07:53:05 PM EDT 2025 ERROR factura facturas/factura_Juan_Enrique_Flórez_Valencia.pdf
Wed Jul 23 07:53:05 PM EDT 2025 OK factura facturas/factura_529726.pdf
Wed Jul 23 07:53:05 PM EDT 2025 OK factura facturas/factura_Contadero.pdf
Wed Jul 23 07:53:06 PM EDT 2025 ERROR factura facturas/factura_Andrea_Alejandra_Moreno.pdf
Wed Jul 23 07:53:06 PM EDT 2025 OK factura facturas/factura_252932.pdf
Wed Jul 23 07:53:06 PM EDT 2025 OK factura facturas/factura_Cabrera.pdf
Wed Jul 23 07:53:06 PM EDT 2025 ERROR factura facturas/factura_Javier_José_Romero_López.pdf
Wed Jul 23 07:53:07 PM EDT 2025 OK factura facturas/factura_131178.pdf
Wed Jul 23 07:53:07 PM EDT 2025 OK factura facturas/factura_San_Fernando.pdf
Wed Jul 23 07:53:07 PM EDT 2025 ERROR factura facturas/factura_Eliecer_Vargas.pdf
Wed Jul 23 07:53:07 PM EDT 2025 OK factura facturas/factura_543752.pdf
Wed Jul 23 07:53:08 PM EDT 2025 OK factura facturas/factura_Villa_Caro.pdf
Wed Jul 23 07:53:08 PM EDT 2025 ERROR factura facturas/factura_Mauricio_Luis_Moreno_Ávila.pdf
Wed Jul 23 07:53:08 PM EDT 2025 OK factura facturas/factura_866005.pdf
Wed Jul 23 07:53:09 PM EDT 2025 OK factura facturas/factura_Mocoa.pdf
Wed Jul 23 07:53:09 PM EDT 2025 ERROR factura facturas/factura_Luz_Yaneth_García.pdf
Wed Jul 23 07:53:09 PM EDT 2025 OK factura facturas/factura_Bodega_626.pdf
Wed Jul 23 07:53:10 PM EDT 2025 OK factura facturas/factura_254791.pdf
Wed Jul 23 07:53:10 PM EDT 2025 OK factura facturas/factura_Arbeláez.pdf
Wed Jul 23 07:53:11 PM EDT 2025 ERROR factura facturas/factura_Luis_Bernal_Pérez.pdf
Wed Jul 23 07:53:11 PM EDT 2025 OK factura facturas/factura_Apto._22.pdf
Wed Jul 23 07:53:11 PM EDT 2025 OK factura facturas/factura_137848.pdf
Wed Jul 23 07:53:12 PM EDT 2025 OK factura facturas/factura_Regidor.pdf
Wed Jul 23 07:53:12 PM EDT 2025 ERROR factura facturas/factura_Jairo_Chaparro.pdf
Wed Jul 23 07:53:13 PM EDT 2025 OK factura facturas/factura_Apartamento_76.pdf
Wed Jul 23 07:53:13 PM EDT 2025 OK factura facturas/factura_254359.pdf
Wed Jul 23 07:53:13 PM EDT 2025 OK factura facturas/factura_Tocancipá.pdf
----- LOG DEL DÍA: jue 24 jul 2025 14:21:07 -05 -----
----- LOG DEL DÍA: jue 24 jul 2025 14:23:05 -05 -----
jue 24 jul 2025 14:23:05 -05 OK factura facturas/factura_0.pdf
jue 24 jul 2025 14:23:05 -05 OK factura facturas/factura_197855.pdf
jue 24 jul 2025 14:23:05 -05 OK factura facturas/factura_López_de_Micay.pdf
jue 24 jul 2025 14:23:06 -05 OK factura facturas/factura_1.pdf
jue 24 jul 2025 14:23:06 -05 OK factura facturas/factura_Local_27.pdf
jue 24 jul 2025 14:23:06 -05 OK factura facturas/factura_209633.pdf
jue 24 jul 2025 14:23:06 -05 OK factura facturas/factura_San_Diego.pdf
jue 24 jul 2025 14:23:06 -05 OK factura facturas/factura_2.pdf
jue 24 jul 2025 14:23:07 -05 OK factura facturas/factura_055461.pdf
jue 24 jul 2025 14:23:07 -05 OK factura facturas/factura_Carolina.pdf
jue 24 jul 2025 14:23:07 -05 OK factura facturas/factura_3.pdf
jue 24 jul 2025 14:23:07 -05 OK factura facturas/factura_709954.pdf
jue 24 jul 2025 14:23:07 -05 OK factura facturas/factura_Colosó.pdf
jue 24 jul 2025 14:23:08 -05 OK factura facturas/factura_4.pdf
jue 24 jul 2025 14:23:08 -05 OK factura facturas/factura_Bodega_5.pdf
jue 24 jul 2025 14:23:08 -05 OK factura facturas/factura_134182.pdf
jue 24 jul 2025 14:23:09 -05 OK factura facturas/factura_San_Fernando.pdf
jue 24 jul 2025 14:23:09 -05 OK factura facturas/factura_5.pdf
jue 24 jul 2025 14:23:09 -05 OK factura facturas/factura_Etapa_9_apartamento_679.pdf
jue 24 jul 2025 14:23:09 -05 OK factura facturas/factura_959691.pdf
jue 24 jul 2025 14:23:09 -05 OK factura facturas/factura_Calamar.pdf
jue 24 jul 2025 14:23:10 -05 OK factura facturas/factura_6.pdf
jue 24 jul 2025 14:23:10 -05 OK factura facturas/factura_Apartamento_848.pdf
jue 24 jul 2025 14:23:10 -05 OK factura facturas/factura_256981.pdf
jue 24 jul 2025 14:23:10 -05 OK factura facturas/factura_Carmen_de_Carupa.pdf
jue 24 jul 2025 14:23:11 -05 OK factura facturas/factura_7.pdf
jue 24 jul 2025 14:23:11 -05 OK factura facturas/factura_447944.pdf
jue 24 jul 2025 14:23:11 -05 OK factura facturas/factura_Albania.pdf
jue 24 jul 2025 14:23:11 -05 OK factura facturas/factura_8.pdf
jue 24 jul 2025 14:23:11 -05 OK factura facturas/factura_Local_6.pdf
jue 24 jul 2025 14:23:11 -05 OK factura facturas/factura_152084.pdf
jue 24 jul 2025 14:23:12 -05 OK factura facturas/factura_Sogamoso.pdf
jue 24 jul 2025 14:23:12 -05 OK factura facturas/factura_9.pdf
jue 24 jul 2025 14:23:12 -05 OK factura facturas/factura_Torre_9_apartamento_5.pdf
jue 24 jul 2025 14:23:12 -05 OK factura facturas/factura_853296.pdf
jue 24 jul 2025 14:23:13 -05 OK factura facturas/factura_Nunchía.pdf
----- LOG DEL DÍA: jue 24 jul 2025 14:54:29 -05 -----
jue 24 jul 2025 14:54:29 -05 OK factura facturas/factura_0.pdf
jue 24 jul 2025 14:54:29 -05 OK factura facturas/factura_197855.pdf
jue 24 jul 2025 14:54:30 -05 OK factura facturas/factura_López_de_Micay.pdf
jue 24 jul 2025 14:54:30 -05 OK factura facturas/factura_1.pdf
jue 24 jul 2025 14:54:30 -05 OK factura facturas/factura_Local_27.pdf
jue 24 jul 2025 14:54:30 -05 OK factura facturas/factura_209633.pdf
jue 24 jul 2025 14:54:31 -05 OK factura facturas/factura_San_Diego.pdf
jue 24 jul 2025 14:54:31 -05 OK factura facturas/factura_2.pdf
jue 24 jul 2025 14:54:31 -05 OK factura facturas/factura_055461.pdf
jue 24 jul 2025 14:54:31 -05 OK factura facturas/factura_Carolina.pdf
jue 24 jul 2025 14:54:31 -05 OK factura facturas/factura_3.pdf
jue 24 jul 2025 14:54:32 -05 OK factura facturas/factura_709954.pdf
jue 24 jul 2025 14:54:32 -05 OK factura facturas/factura_Colosó.pdf
jue 24 jul 2025 14:54:32 -05 OK factura facturas/factura_4.pdf
jue 24 jul 2025 14:54:32 -05 OK factura facturas/factura_Bodega_5.pdf
jue 24 jul 2025 14:54:33 -05 OK factura facturas/factura_134182.pdf
jue 24 jul 2025 14:54:33 -05 OK factura facturas/factura_San_Fernando.pdf
jue 24 jul 2025 14:54:33 -05 OK factura facturas/factura_5.pdf
jue 24 jul 2025 14:54:33 -05 OK factura facturas/factura_Etapa_9_apartamento_679.pdf
jue 24 jul 2025 14:54:34 -05 OK factura facturas/factura_959691.pdf
jue 24 jul 2025 14:54:34 -05 OK factura facturas/factura_Calamar.pdf
jue 24 jul 2025 14:54:34 -05 OK factura facturas/factura_6.pdf
jue 24 jul 2025 14:54:34 -05 OK factura facturas/factura_Apartamento_848.pdf
jue 24 jul 2025 14:54:35 -05 OK factura facturas/factura_256981.pdf
jue 24 jul 2025 14:54:35 -05 OK factura facturas/factura_Carmen_de_Carupa.pdf
jue 24 jul 2025 14:54:35 -05 OK factura facturas/factura_7.pdf
jue 24 jul 2025 14:54:35 -05 OK factura facturas/factura_447944.pdf
jue 24 jul 2025 14:54:35 -05 OK factura facturas/factura_Albania.pdf
jue 24 jul 2025 14:54:36 -05 OK factura facturas/factura_8.pdf
jue 24 jul 2025 14:54:36 -05 OK factura facturas/factura_Local_6.pdf
jue 24 jul 2025 14:54:36 -05 OK factura facturas/factura_152084.pdf
jue 24 jul 2025 14:54:36 -05 OK factura facturas/factura_Sogamoso.pdf
jue 24 jul 2025 14:54:37 -05 OK factura facturas/factura_9.pdf
jue 24 jul 2025 14:54:37 -05 OK factura facturas/factura_Torre_9_apartamento_5.pdf
jue 24 jul 2025 14:54:37 -05 OK factura facturas/factura_853296.pdf
jue 24 jul 2025 14:54:37 -05 OK factura facturas/factura_Nunchía.pdf
----- LOG DEL DÍA: jue 24 jul 2025 16:17:47 -05 -----
jue 24 jul 2025 16:17:48 -05 OK factura facturas/factura_Marcela_González.pdf
jue 24 jul 2025 16:17:48 -05 OK factura facturas/factura_278270.pdf
jue 24 jul 2025 16:17:48 -05 OK factura facturas/factura_Acandí.pdf
jue 24 jul 2025 16:17:48 -05 OK factura facturas/factura_Ruby_Alba_Fernández.pdf
jue 24 jul 2025 16:17:48 -05 OK factura facturas/factura_272482.pdf
jue 24 jul 2025 16:17:48 -05 OK factura facturas/factura_Bagadó.pdf
jue 24 jul 2025 16:17:48 -05 OK factura facturas/factura_Marcela_Diana_Melo_Gómez.pdf
jue 24 jul 2025 16:17:49 -05 OK factura facturas/factura_Torre_5_apartamento_880.pdf
jue 24 jul 2025 16:17:49 -05 OK factura facturas/factura_959631.pdf
jue 24 jul 2025 16:17:49 -05 OK factura facturas/factura_Calamar.pdf
jue 24 jul 2025 16:17:49 -05 OK factura facturas/factura_Elkin_López_Bedoya.pdf
jue 24 jul 2025 16:17:49 -05 OK factura facturas/factura_084273.pdf
jue 24 jul 2025 16:17:49 -05 OK factura facturas/factura_Palmar_de_Varela.pdf
jue 24 jul 2025 16:17:49 -05 OK factura facturas/factura_Rafael_Hugo_Ortiz_Posada.pdf
jue 24 jul 2025 16:17:50 -05 OK factura facturas/factura_257957.pdf
jue 24 jul 2025 16:17:50 -05 OK factura facturas/factura_San_Cayetano.pdf
jue 24 jul 2025 16:17:50 -05 OK factura facturas/factura_María_Delgado_Castañeda.pdf
jue 24 jul 2025 16:17:50 -05 OK factura facturas/factura_087010.pdf
jue 24 jul 2025 16:17:50 -05 OK factura facturas/factura_Baranoa.pdf
jue 24 jul 2025 16:17:50 -05 OK factura facturas/factura_Enrique_Steven_Guerrero_Riascos.pdf
jue 24 jul 2025 16:17:50 -05 OK factura facturas/factura_Oficina_94.pdf
jue 24 jul 2025 16:17:50 -05 OK factura facturas/factura_851565.pdf
jue 24 jul 2025 16:17:50 -05 OK factura facturas/factura_Tauramena.pdf
jue 24 jul 2025 16:17:50 -05 OK factura facturas/factura_Antonio_Francisco_Gil_Díaz.pdf
jue 24 jul 2025 16:17:50 -05 OK factura facturas/factura_206123.pdf
jue 24 jul 2025 16:17:51 -05 OK factura facturas/factura_Bosconia.pdf
jue 24 jul 2025 16:17:51 -05 OK factura facturas/factura_Deisy_Cruz.pdf
jue 24 jul 2025 16:17:51 -05 OK factura facturas/factura_156896.pdf
jue 24 jul 2025 16:17:51 -05 OK factura facturas/factura_Santa_Sofía.pdf
jue 24 jul 2025 16:17:51 -05 OK factura facturas/factura_Ana_Rivera_Ramírez.pdf
jue 24 jul 2025 16:17:51 -05 OK factura facturas/factura_154890.pdf
jue 24 jul 2025 16:17:51 -05 OK factura facturas/factura_Tópaga.pdf
----- LOG DEL DÍA: jue 24 jul 2025 16:23:04 -05 -----
jue 24 jul 2025 16:23:04 -05 OK factura facturas/factura_Andrés_Campo_Beltrán_Palacios.pdf
jue 24 jul 2025 16:23:04 -05 OK factura facturas/factura_684927.pdf
jue 24 jul 2025 16:23:04 -05 OK factura facturas/factura_Landázuri.pdf
jue 24 jul 2025 16:23:04 -05 OK factura facturas/factura_Olga_Luz_Gómez.pdf
jue 24 jul 2025 16:23:04 -05 OK factura facturas/factura_Apartamento_35.pdf
jue 24 jul 2025 16:23:04 -05 OK factura facturas/factura_152939.pdf
jue 24 jul 2025 16:23:04 -05 OK factura facturas/factura_Sáchica.pdf
jue 24 jul 2025 16:23:05 -05 OK factura facturas/factura_Wilson_García.pdf
jue 24 jul 2025 16:23:05 -05 OK factura facturas/factura_Apartamento_29.pdf
jue 24 jul 2025 16:23:05 -05 OK factura facturas/factura_760458.pdf
jue 24 jul 2025 16:23:05 -05 OK factura facturas/factura_Cartago.pdf
jue 24 jul 2025 16:23:05 -05 OK factura facturas/factura_Antonio_Uribe.pdf
jue 24 jul 2025 16:23:05 -05 OK factura facturas/factura_154574.pdf
jue 24 jul 2025 16:23:05 -05 OK factura facturas/factura_Sutatenza.pdf
jue 24 jul 2025 16:23:05 -05 OK factura facturas/factura_Rodrigo_Salazar_Osorio.pdf
jue 24 jul 2025 16:23:05 -05 OK factura facturas/factura_Etapa_9_apartamento_11.pdf
jue 24 jul 2025 16:23:05 -05 OK factura facturas/factura_686757.pdf
jue 24 jul 2025 16:23:05 -05 OK factura facturas/factura_Palmar.pdf
jue 24 jul 2025 16:23:06 -05 OK factura facturas/factura_Omar_Pablo_Valderrama.pdf
jue 24 jul 2025 16:23:06 -05 OK factura facturas/factura_259036.pdf
jue 24 jul 2025 16:23:06 -05 OK factura facturas/factura_San_Bernardo.pdf
jue 24 jul 2025 16:23:06 -05 OK factura facturas/factura_Melissa_Hernández.pdf
jue 24 jul 2025 16:23:06 -05 OK factura facturas/factura_527104.pdf
jue 24 jul 2025 16:23:06 -05 OK factura facturas/factura_Santa_Bárbara.pdf
jue 24 jul 2025 16:23:06 -05 OK factura facturas/factura_Alfonso_Andrés_Díaz.pdf
jue 24 jul 2025 16:23:06 -05 OK factura facturas/factura_525891.pdf
jue 24 jul 2025 16:23:06 -05 OK factura facturas/factura_Linares.pdf
jue 24 jul 2025 16:23:06 -05 OK factura facturas/factura_Efrain_Arturo_Peña.pdf
jue 24 jul 2025 16:23:06 -05 OK factura facturas/factura_Local_929.pdf
jue 24 jul 2025 16:23:06 -05 OK factura facturas/factura_864692.pdf
jue 24 jul 2025 16:23:07 -05 OK factura facturas/factura_Puerto_Caicedo.pdf
jue 24 jul 2025 16:23:07 -05 OK factura facturas/factura_Gerardo_Miguel_Villa.pdf
jue 24 jul 2025 16:23:07 -05 OK factura facturas/factura_Oficina_30.pdf
jue 24 jul 2025 16:23:07 -05 OK factura facturas/factura_666433.pdf
jue 24 jul 2025 16:23:07 -05 OK factura facturas/factura_Pereira.pdf
----- LOG DEL DÍA: jue 24 jul 2025 16:37:06 -05 -----
jue 24 jul 2025 16:37:07 -05 OK factura facturas/factura_María_Piedad_Gallego_Orozco.pdf
jue 24 jul 2025 16:37:07 -05 OK factura facturas/factura_947421.pdf
jue 24 jul 2025 16:37:07 -05 OK factura facturas/factura_Cacahual.pdf
jue 24 jul 2025 16:37:07 -05 OK factura facturas/factura_Milena_Ortiz_Bonilla.pdf
jue 24 jul 2025 16:37:07 -05 OK factura facturas/factura_540387.pdf
jue 24 jul 2025 16:37:07 -05 OK factura facturas/factura_Bucarasica.pdf
jue 24 jul 2025 16:37:07 -05 OK factura facturas/factura_Anderson_Medina.pdf
jue 24 jul 2025 16:37:07 -05 OK factura facturas/factura_Apartamento_74.pdf
jue 24 jul 2025 16:37:08 -05 OK factura facturas/factura_666638.pdf
jue 24 jul 2025 16:37:08 -05 OK factura facturas/factura_Belén_de_Umbría.pdf
jue 24 jul 2025 16:37:08 -05 OK factura facturas/factura_Karina_Muñoz.pdf
jue 24 jul 2025 16:37:08 -05 OK factura facturas/factura_Torre_4_apartamento_120.pdf
jue 24 jul 2025 16:37:08 -05 OK factura facturas/factura_639664.pdf
jue 24 jul 2025 16:37:08 -05 OK factura facturas/factura_Calarcá.pdf
jue 24 jul 2025 16:37:08 -05 OK factura facturas/factura_Carmen_Barbosa_Osorio.pdf
jue 24 jul 2025 16:37:08 -05 OK factura facturas/factura_190357.pdf
jue 24 jul 2025 16:37:08 -05 OK factura facturas/factura_Argelia.pdf
jue 24 jul 2025 16:37:08 -05 OK factura facturas/factura_Javier_Javier_Montoya.pdf
jue 24 jul 2025 16:37:08 -05 OK factura facturas/factura_Casa_83.pdf
jue 24 jul 2025 16:37:09 -05 OK factura facturas/factura_050852.pdf
jue 24 jul 2025 16:37:09 -05 OK factura facturas/factura_Frontino.pdf
jue 24 jul 2025 16:37:09 -05 OK factura facturas/factura_Alonso_Julio_Rodríguez.pdf
jue 24 jul 2025 16:37:09 -05 OK factura facturas/factura_184264.pdf
jue 24 jul 2025 16:37:09 -05 OK factura facturas/factura_Solano.pdf
jue 24 jul 2025 16:37:09 -05 OK factura facturas/factura_Leidy_Sandoval.pdf
jue 24 jul 2025 16:37:09 -05 OK factura facturas/factura_Local_10.pdf
jue 24 jul 2025 16:37:09 -05 OK factura facturas/factura_737811.pdf
jue 24 jul 2025 16:37:09 -05 OK factura facturas/factura_Santa_Isabel.pdf
jue 24 jul 2025 16:37:09 -05 OK factura facturas/factura_Fernando_Alexander_Caro.pdf
jue 24 jul 2025 16:37:09 -05 OK factura facturas/factura_Bodega_88.pdf
jue 24 jul 2025 16:37:10 -05 OK factura facturas/factura_231458.pdf
jue 24 jul 2025 16:37:10 -05 OK factura facturas/factura_Chimá.pdf
jue 24 jul 2025 16:37:10 -05 OK factura facturas/factura_Johana_Silva_Bolívar.pdf
jue 24 jul 2025 16:37:10 -05 OK factura facturas/factura_256265.pdf
jue 24 jul 2025 16:37:10 -05 OK factura facturas/factura_Viotá.pdf
----- LOG DEL DÍA: jue 24 jul 2025 16:46:06 -05 -----
jue 24 jul 2025 16:46:06 -05 OK factura facturas/factura_José_Juan_Flórez_González.pdf
jue 24 jul 2025 16:46:06 -05 OK factura facturas/factura_Apto._757.pdf
jue 24 jul 2025 16:46:06 -05 OK factura facturas/factura_133913.pdf
jue 24 jul 2025 16:46:06 -05 OK factura facturas/factura_Achí.pdf
jue 24 jul 2025 16:46:06 -05 OK factura facturas/factura_Francia_Yuli_García_Aguirre.pdf
jue 24 jul 2025 16:46:07 -05 OK factura facturas/factura_Oficina_59.pdf
jue 24 jul 2025 16:46:07 -05 OK factura facturas/factura_054425.pdf
jue 24 jul 2025 16:46:07 -05 OK factura facturas/factura_Andes.pdf
jue 24 jul 2025 16:46:07 -05 OK factura facturas/factura_Juan_Jaime_Fonseca.pdf
jue 24 jul 2025 16:46:07 -05 OK factura facturas/factura_Apto._29.pdf
jue 24 jul 2025 16:46:07 -05 OK factura facturas/factura_255946.pdf
jue 24 jul 2025 16:46:07 -05 OK factura facturas/factura_Chipaque.pdf
jue 24 jul 2025 16:46:07 -05 OK factura facturas/factura_Jhon_Jesús_Zapata.pdf
jue 24 jul 2025 16:46:07 -05 OK factura facturas/factura_135553.pdf
jue 24 jul 2025 16:46:07 -05 OK factura facturas/factura_El_Guamo.pdf
jue 24 jul 2025 16:46:07 -05 OK factura facturas/factura_Julieth_Nohora_Soto.pdf
jue 24 jul 2025 16:46:08 -05 OK factura facturas/factura_Bodega_202.pdf
jue 24 jul 2025 16:46:08 -05 OK factura facturas/factura_527902.pdf
jue 24 jul 2025 16:46:08 -05 OK factura facturas/factura_Ospina.pdf
jue 24 jul 2025 16:46:08 -05 OK factura facturas/factura_Sebastián_Ariza.pdf
jue 24 jul 2025 16:46:08 -05 OK factura facturas/factura_Casa_9.pdf
jue 24 jul 2025 16:46:08 -05 OK factura facturas/factura_051151.pdf
jue 24 jul 2025 16:46:08 -05 OK factura facturas/factura_Concordia.pdf
jue 24 jul 2025 16:46:08 -05 OK factura facturas/factura_Camilo_Sarmiento.pdf
jue 24 jul 2025 16:46:09 -05 OK factura facturas/factura_Etapa_8_apartamento_7.pdf
jue 24 jul 2025 16:46:09 -05 OK factura facturas/factura_256609.pdf
jue 24 jul 2025 16:46:09 -05 OK factura facturas/factura_Villapinzón.pdf
jue 24 jul 2025 16:46:09 -05 OK factura facturas/factura_Jairo_Durán_Jiménez.pdf
jue 24 jul 2025 16:46:09 -05 OK factura facturas/factura_Apto._35.pdf
jue 24 jul 2025 16:46:09 -05 OK factura facturas/factura_057164.pdf
jue 24 jul 2025 16:46:09 -05 OK factura facturas/factura_Caramanta.pdf
jue 24 jul 2025 16:46:09 -05 OK factura facturas/factura_Cristina_Mayerly_Lozano_Torres.pdf
jue 24 jul 2025 16:46:09 -05 OK factura facturas/factura_059465.pdf
jue 24 jul 2025 16:46:09 -05 OK factura facturas/factura_Giraldo.pdf
jue 24 jul 2025 16:46:10 -05 OK factura facturas/factura_Bertha_Rodríguez.pdf
jue 24 jul 2025 16:46:10 -05 OK factura facturas/factura_Local_46.pdf
jue 24 jul 2025 16:46:10 -05 OK factura facturas/factura_158343.pdf
jue 24 jul 2025 16:46:11 -05 OK factura facturas/factura_Tunja.pdf
----- LOG DEL DÍA: jue 24 jul 2025 17:06:04 -05 -----
jue 24 jul 2025 17:06:05 -05 OK factura facturas/factura_Patricia_Polo_Galeano.pdf
jue 24 jul 2025 17:06:05 -05 OK factura facturas/factura_Casa_48.pdf
jue 24 jul 2025 17:06:05 -05 OK factura facturas/factura_761595.pdf
jue 24 jul 2025 17:06:05 -05 OK factura facturas/factura_Roldanillo.pdf
jue 24 jul 2025 17:06:05 -05 OK factura facturas/factura_Antonio_Morales.pdf
jue 24 jul 2025 17:06:05 -05 OK factura facturas/factura_Torre_3_apartamento_5.pdf
jue 24 jul 2025 17:06:05 -05 OK factura facturas/factura_666418.pdf
jue 24 jul 2025 17:06:06 -05 OK factura facturas/factura_Guática.pdf
jue 24 jul 2025 17:06:06 -05 OK factura facturas/factura_Lucía_María_Cruz_Bedoya.pdf
jue 24 jul 2025 17:06:06 -05 OK factura facturas/factura_683778.pdf
jue 24 jul 2025 17:06:06 -05 OK factura facturas/factura_San_Joaquín.pdf
jue 24 jul 2025 17:06:06 -05 OK factura facturas/factura_Nubia_Becerra.pdf
jue 24 jul 2025 17:06:06 -05 OK factura facturas/factura_Apto._84.pdf
jue 24 jul 2025 17:06:06 -05 OK factura facturas/factura_735636.pdf
jue 24 jul 2025 17:06:06 -05 OK factura facturas/factura_Melgar.pdf
jue 24 jul 2025 17:06:06 -05 OK factura facturas/factura_Jesús_Luis_Salazar.pdf
jue 24 jul 2025 17:06:06 -05 OK factura facturas/factura_Apartamento_832.pdf
jue 24 jul 2025 17:06:06 -05 OK factura facturas/factura_154966.pdf
jue 24 jul 2025 17:06:07 -05 OK factura facturas/factura_Paipa.pdf
jue 24 jul 2025 17:06:07 -05 OK factura facturas/factura_María_Díaz_Jaramillo.pdf
jue 24 jul 2025 17:06:07 -05 OK factura facturas/factura_Bodega_8.pdf
jue 24 jul 2025 17:06:07 -05 OK factura facturas/factura_150737.pdf
jue 24 jul 2025 17:06:07 -05 OK factura facturas/factura_Sutatenza.pdf
jue 24 jul 2025 17:06:07 -05 OK factura facturas/factura_Verónica_María_Cerón.pdf
jue 24 jul 2025 17:06:07 -05 OK factura facturas/factura_Casa_50.pdf
jue 24 jul 2025 17:06:07 -05 OK factura facturas/factura_059411.pdf
jue 24 jul 2025 17:06:07 -05 OK factura facturas/factura_Angostura.pdf
jue 24 jul 2025 17:06:08 -05 OK factura facturas/factura_Elena_Martínez_García.pdf
jue 24 jul 2025 17:06:08 -05 OK factura facturas/factura_527175.pdf
jue 24 jul 2025 17:06:08 -05 OK factura facturas/factura_Los_Andes.pdf
jue 24 jul 2025 17:06:08 -05 OK factura facturas/factura_Jhon_Yair_Rodríguez.pdf
jue 24 jul 2025 17:06:08 -05 OK factura facturas/factura_Bodega_2.pdf
jue 24 jul 2025 17:06:08 -05 OK factura facturas/factura_189843.pdf
jue 24 jul 2025 17:06:08 -05 OK factura facturas/factura_Cartagena_del_Chairá.pdf
jue 24 jul 2025 17:06:09 -05 OK factura facturas/factura_Isabel_Beltrán_Sánchez.pdf
jue 24 jul 2025 17:06:09 -05 OK factura facturas/factura_701807.pdf
jue 24 jul 2025 17:06:09 -05 OK factura facturas/factura_Caimito.pdf
----- LOG DEL DÍA: jue 24 jul 2025 17:18:05 -05 -----
jue 24 jul 2025 17:18:05 -05 OK factura facturas/factura_Flor_Velasco_Pérez.pdf
jue 24 jul 2025 17:18:05 -05 OK factura facturas/factura_132263.pdf
jue 24 jul 2025 17:18:05 -05 OK factura facturas/factura_Cicuco.pdf
jue 24 jul 2025 17:18:06 -05 OK factura facturas/factura_Pablo_Cristhian_González.pdf
jue 24 jul 2025 17:18:06 -05 OK factura facturas/factura_238926.pdf
jue 24 jul 2025 17:18:06 -05 OK factura facturas/factura_San_Carlos.pdf
jue 24 jul 2025 17:18:06 -05 OK factura facturas/factura_Marina_Amanda_Castañeda_Manrique.pdf
jue 24 jul 2025 17:18:06 -05 OK factura facturas/factura_Local_29.pdf
jue 24 jul 2025 17:18:06 -05 OK factura facturas/factura_667146.pdf
jue 24 jul 2025 17:18:06 -05 OK factura facturas/factura_Quinchía.pdf
jue 24 jul 2025 17:18:06 -05 OK factura facturas/factura_Camilo_Martínez.pdf
jue 24 jul 2025 17:18:06 -05 OK factura facturas/factura_Oficina_4.pdf
jue 24 jul 2025 17:18:06 -05 OK factura facturas/factura_664551.pdf
jue 24 jul 2025 17:18:06 -05 OK factura facturas/factura_La_Virginia.pdf
jue 24 jul 2025 17:18:07 -05 OK factura facturas/factura_Rubén_Correa.pdf
jue 24 jul 2025 17:18:07 -05 OK factura facturas/factura_Local_44.pdf
jue 24 jul 2025 17:18:07 -05 OK factura facturas/factura_252430.pdf
jue 24 jul 2025 17:18:07 -05 OK factura facturas/factura_Granada.pdf
jue 24 jul 2025 17:18:07 -05 OK factura facturas/factura_Abel_Villamizar_Pérez.pdf
jue 24 jul 2025 17:18:07 -05 OK factura facturas/factura_Etapa_2_apartamento_4.pdf
jue 24 jul 2025 17:18:07 -05 OK factura facturas/factura_999545.pdf
jue 24 jul 2025 17:18:07 -05 OK factura facturas/factura_Puerto_Carreño.pdf
jue 24 jul 2025 17:18:07 -05 OK factura facturas/factura_Esteban_Nicolás_López_Daza.pdf
jue 24 jul 2025 17:18:08 -05 OK factura facturas/factura_Bodega_7.pdf
jue 24 jul 2025 17:18:08 -05 OK factura facturas/factura_198983.pdf
jue 24 jul 2025 17:18:08 -05 OK factura facturas/factura_Caloto.pdf
jue 24 jul 2025 17:18:08 -05 OK factura facturas/factura_Linda_Adriana_Toro.pdf
jue 24 jul 2025 17:18:08 -05 OK factura facturas/factura_055687.pdf
jue 24 jul 2025 17:18:08 -05 OK factura facturas/factura_Urrao.pdf
jue 24 jul 2025 17:18:08 -05 OK factura facturas/factura_Antonio_Alberto_Barrera.pdf
jue 24 jul 2025 17:18:08 -05 OK factura facturas/factura_Casa_16.pdf
jue 24 jul 2025 17:18:08 -05 OK factura facturas/factura_254084.pdf
jue 24 jul 2025 17:18:09 -05 OK factura facturas/factura_Choachí.pdf
jue 24 jul 2025 17:18:09 -05 OK factura facturas/factura_Milton_Jorge_Ortiz_Flórez.pdf
jue 24 jul 2025 17:18:09 -05 OK factura facturas/factura_253548.pdf
jue 24 jul 2025 17:18:09 -05 OK factura facturas/factura_Villagómez.pdf
